
Showing logs for build [32mcb-kubecd-environment-pr-5426-2-7kl9q-1[0m stage [32mmeta-pipeline[0m and container [32mstep-credential-initializer-g7nj4[0m
{"level":"warn","ts":1568286617.7365444,"logger":"fallback-logger","caller":"logging/config.go:69","msg":"Fetch GitHub commit ID from kodata failed: \"ref: refs/heads/master\" is not a valid GitHub commit ID"}
{"level":"info","ts":1568286617.7371843,"logger":"fallback-logger","caller":"creds-init/main.go:40","msg":"Credentials initialized."}

Showing logs for build [32mcb-kubecd-environment-pr-5426-2-7kl9q-1[0m stage [32mmeta-pipeline[0m and container [32mstep-working-dir-initializer-5znn9[0m
{"level":"warn","ts":1568286619.1576266,"logger":"fallback-logger","caller":"logging/config.go:69","msg":"Fetch GitHub commit ID from kodata failed: open /var/run/ko/HEAD: no such file or directory"}
{"level":"info","ts":1568286619.159564,"logger":"fallback-logger","caller":"bash/main.go:65","msg":"Successfully executed command \"mkdir -p /workspace/source\""}

Showing logs for build [32mcb-kubecd-environment-pr-5426-2-7kl9q-1[0m stage [32mmeta-pipeline[0m and container [32mstep-place-tools[0m

Showing logs for build [32mcb-kubecd-environment-pr-5426-2-7kl9q-1[0m stage [32mmeta-pipeline[0m and container [32mstep-git-source-meta-cb-kubecd-environment-pr-5-w84bz[0m
{"level":"warn","ts":1568286624.176905,"logger":"fallback-logger","caller":"logging/config.go:69","msg":"Fetch GitHub commit ID from kodata failed: \"ref: refs/heads/master\" is not a valid GitHub commit ID"}
{"level":"info","ts":1568286625.2368078,"logger":"fallback-logger","caller":"git/git.go:102","msg":"Successfully cloned https://github.com/cb-kubecd/environment-pr-5426-21-tekton-gkebdd-production.git @ 1ad93de3ef025f369c77d5bf78effe98d77ee702 in path /workspace/source"}

Showing logs for build [32mcb-kubecd-environment-pr-5426-2-7kl9q-1[0m stage [32mmeta-pipeline[0m and container [32mstep-git-merge[0m
Using SHAs from PULL_REFS=master:1ad93de3ef025f369c77d5bf78effe98d77ee702,1:654f04d5401d04f4858d4ff77f7931e4e132457e
DEBUG: ran git fetch --unshallow origin 654f04d5401d04f4858d4ff77f7931e4e132457e: 1ad93de3ef025f369c77d5bf78effe98d77ee702: in 
DEBUG: ran git checkout master in 
DEBUG: ran git reset --hard 1ad93de3ef025f369c77d5bf78effe98d77ee702 in 
DEBUG: ran clean --force -d . in 
DEBUG: ran git merge 654f04d5401d04f4858d4ff77f7931e4e132457e in 
Merged SHA 654f04d5401d04f4858d4ff77f7931e4e132457e with commit message 'chore: Promote bdd-spring-1568285950 to version 0.0.1' into base branch master

Showing logs for build [32mcb-kubecd-environment-pr-5426-2-7kl9q-1[0m stage [32mmeta-pipeline[0m and container [32mstep-merge-pull-refs[0m
DEBUG: ran git fetch origin 654f04d5401d04f4858d4ff77f7931e4e132457e: 1ad93de3ef025f369c77d5bf78effe98d77ee702: in 
DEBUG: Unshallowed git repo in 
DEBUG: ran git checkout master in 
DEBUG: ran git reset --hard 1ad93de3ef025f369c77d5bf78effe98d77ee702 in 
DEBUG: ran clean --force -d . in 
DEBUG: ran git merge 654f04d5401d04f4858d4ff77f7931e4e132457e in 
Merged SHA 654f04d5401d04f4858d4ff77f7931e4e132457e with commit message 'chore: Promote bdd-spring-1568285950 to version 0.0.1' into base branch master

Showing logs for build [32mcb-kubecd-environment-pr-5426-2-7kl9q-1[0m stage [32mmeta-pipeline[0m and container [32mstep-create-effective-pipeline[0m
Deleting and cloning the Jenkins X versions repo
Cloning the Jenkins X versions repo https://github.com/jenkins-x/jenkins-x-versions.git with ref refs/heads/master to /builder/home/.**/jenkins-x-versions
selected pack: /builder/home/.**/draft/packs/github.com/jenkins-x-buildpacks/jenkins-x-kubernetes/packs/environment
Effective pipeline written to jenkins-x-promotion-build-effective.yml

Showing logs for build [32mcb-kubecd-environment-pr-5426-2-7kl9q-1[0m stage [32mmeta-pipeline[0m and container [32mstep-create-tekton-crds[0m
PipelineActivity for cb-kubecd-environment-pr-5426-21-tekton-gkebdd-production-PR-1-1
Applying changes 
upserted PipelineResource cb-kubecd-environment-pr-5426-2 for the git repository https://github.com/cb-kubecd/environment-pr-5426-21-tekton-gkebdd-production.git
upserted Task cb-kubecd-environment-pr-5426-2-7kl9q-from-build-pack-1
upserted Pipeline cb-kubecd-environment-pr-5426-2-7kl9q-1
created PipelineRun cb-kubecd-environment-pr-5426-2-7kl9q-1
created PipelineStructure cb-kubecd-environment-pr-5426-2-7kl9q-1

Showing logs for build [32mcb-kubecd-environment-pr-5426-2-7kl9q-1[0m stage [32mfrom-build-pack[0m and container [32mstep-credential-initializer-h7gbb[0m
{"level":"warn","ts":1568286638.6169577,"logger":"fallback-logger","caller":"logging/config.go:69","msg":"Fetch GitHub commit ID from kodata failed: \"ref: refs/heads/master\" is not a valid GitHub commit ID"}
{"level":"info","ts":1568286638.6176896,"logger":"fallback-logger","caller":"creds-init/main.go:40","msg":"Credentials initialized."}

Showing logs for build [32mcb-kubecd-environment-pr-5426-2-7kl9q-1[0m stage [32mfrom-build-pack[0m and container [32mstep-working-dir-initializer-wwbjs[0m
{"level":"warn","ts":1568286639.6120822,"logger":"fallback-logger","caller":"logging/config.go:69","msg":"Fetch GitHub commit ID from kodata failed: open /var/run/ko/HEAD: no such file or directory"}
{"level":"info","ts":1568286639.6145868,"logger":"fallback-logger","caller":"bash/main.go:65","msg":"Successfully executed command \"mkdir -p /workspace/source /workspace/source/env\""}

Showing logs for build [32mcb-kubecd-environment-pr-5426-2-7kl9q-1[0m stage [32mfrom-build-pack[0m and container [32mstep-place-tools[0m

Showing logs for build [32mcb-kubecd-environment-pr-5426-2-7kl9q-1[0m stage [32mfrom-build-pack[0m and container [32mstep-git-source-cb-kubecd-environment-pr-5426-2-zhnfg[0m
{"level":"warn","ts":1568286644.6715033,"logger":"fallback-logger","caller":"logging/config.go:69","msg":"Fetch GitHub commit ID from kodata failed: \"ref: refs/heads/master\" is not a valid GitHub commit ID"}
{"level":"info","ts":1568286645.7585065,"logger":"fallback-logger","caller":"git/git.go:102","msg":"Successfully cloned https://github.com/cb-kubecd/environment-pr-5426-21-tekton-gkebdd-production.git @ master in path /workspace/source"}

Showing logs for build [32mcb-kubecd-environment-pr-5426-2-7kl9q-1[0m stage [32mfrom-build-pack[0m and container [32mstep-git-merge[0m
Using SHAs from PULL_REFS=master:1ad93de3ef025f369c77d5bf78effe98d77ee702,1:654f04d5401d04f4858d4ff77f7931e4e132457e
DEBUG: ran git fetch origin 654f04d5401d04f4858d4ff77f7931e4e132457e: 1ad93de3ef025f369c77d5bf78effe98d77ee702: in 
DEBUG: Unshallowed git repo in 
DEBUG: ran git checkout master in 
DEBUG: ran git reset --hard 1ad93de3ef025f369c77d5bf78effe98d77ee702 in 
DEBUG: ran clean --force -d . in 
DEBUG: ran git merge 654f04d5401d04f4858d4ff77f7931e4e132457e in 
Merged SHA 654f04d5401d04f4858d4ff77f7931e4e132457e with commit message 'chore: Promote bdd-spring-1568285950 to version 0.0.1' into base branch master

Showing logs for build [32mcb-kubecd-environment-pr-5426-2-7kl9q-1[0m stage [32mfrom-build-pack[0m and container [32mstep-build-helm-build[0m
WARNING: No $CHART_REPOSITORY defined so using the default value of: http://jenkins-x-chartmuseum:8080
Adding missing Helm repo: storage.googleapis.com https://storage.googleapis.com/chartmuseum.jenkins-x.io
Successfully added Helm repository storage.googleapis.com.
Adding missing Helm repo: jenkins-x-chartmuseum http://jenkins-x-chartmuseum:8080
Successfully added Helm repository jenkins-x-chartmuseum.
WARNING: No $CHART_REPOSITORY defined so using the default value of: http://jenkins-x-chartmuseum:8080
Adding missing Helm repo: chartmuseum.jenkins-x.io http://chartmuseum.jenkins-x.io
Successfully added Helm repository chartmuseum.jenkins-x.io.
